{"numTotalTestSuites":42,"numPassedTestSuites":42,"numFailedTestSuites":0,"numPendingTestSuites":0,"numTotalTests":88,"numPassedTests":88,"numFailedTests":0,"numPendingTests":0,"numTodoTests":0,"snapshot":{"added":0,"failure":false,"filesAdded":0,"filesRemoved":0,"filesRemovedList":[],"filesUnmatched":0,"filesUpdated":0,"matched":0,"total":0,"unchecked":0,"uncheckedKeysByFile":[],"unmatched":0,"updated":0,"didUpdate":false},"startTime":1757483109989,"success":true,"testResults":[{"assertionResults":[{"ancestorTitles":["SearchBar","component rendering"],"fullName":"SearchBar component rendering should mount successfully","status":"passed","title":"should mount successfully","duration":30.388781999999992,"failureMessages":[],"meta":{}},{"ancestorTitles":["SearchBar","component rendering"],"fullName":"SearchBar component rendering should display search input","status":"passed","title":"should display search input","duration":13.784905999999864,"failureMessages":[],"meta":{}},{"ancestorTitles":["SearchBar","component rendering"],"fullName":"SearchBar component rendering should display search button","status":"passed","title":"should display search button","duration":4.6825770000000375,"failureMessages":[],"meta":{}},{"ancestorTitles":["SearchBar","component rendering"],"fullName":"SearchBar component rendering should show loading state when searching","status":"passed","title":"should show loading state when searching","duration":8.971516999999949,"failureMessages":[],"meta":{}},{"ancestorTitles":["SearchBar","user interactions"],"fullName":"SearchBar user interactions should emit search event when input changes","status":"passed","title":"should emit search event when input changes","duration":610.9235739999999,"failureMessages":[],"meta":{}},{"ancestorTitles":["SearchBar","user interactions"],"fullName":"SearchBar user interactions should emit search event on Enter key press","status":"passed","title":"should emit search event on Enter key press","duration":6.6033659999998235,"failureMessages":[],"meta":{}},{"ancestorTitles":["SearchBar","user interactions"],"fullName":"SearchBar user interactions should emit clear event when clear button clicked","status":"passed","title":"should emit clear event when clear button clicked","duration":7.9337859999996,"failureMessages":[],"meta":{}},{"ancestorTitles":["SearchBar","user interactions"],"fullName":"SearchBar user interactions should not search on empty input","status":"passed","title":"should not search on empty input","duration":3.236858000000211,"failureMessages":[],"meta":{}},{"ancestorTitles":["SearchBar","user interactions"],"fullName":"SearchBar user interactions should trim whitespace from search query","status":"passed","title":"should trim whitespace from search query","duration":5.1229669999997896,"failureMessages":[],"meta":{}},{"ancestorTitles":["SearchBar","quick search functionality"],"fullName":"SearchBar quick search functionality should emit quick-search event when quick search button clicked","status":"passed","title":"should emit quick-search event when quick search button clicked","duration":3.2598299999999654,"failureMessages":[],"meta":{}},{"ancestorTitles":["SearchBar","search results display"],"fullName":"SearchBar search results display should show no results message when no results found","status":"passed","title":"should show no results message when no results found","duration":5.857380999999805,"failureMessages":[],"meta":{}},{"ancestorTitles":["SearchBar","keyboard interactions"],"fullName":"SearchBar keyboard interactions should search on Enter key press","status":"passed","title":"should search on Enter key press","duration":3.9366100000002007,"failureMessages":[],"meta":{}},{"ancestorTitles":["SearchBar","keyboard interactions"],"fullName":"SearchBar keyboard interactions should clear on Escape key press","status":"passed","title":"should clear on Escape key press","duration":3.538886999999704,"failureMessages":[],"meta":{}},{"ancestorTitles":["SearchBar","accessibility"],"fullName":"SearchBar accessibility should have proper ARIA labels","status":"passed","title":"should have proper ARIA labels","duration":2.442809000000125,"failureMessages":[],"meta":{}},{"ancestorTitles":["SearchBar","accessibility"],"fullName":"SearchBar accessibility should be focusable","status":"passed","title":"should be focusable","duration":2.525759999999991,"failureMessages":[],"meta":{}},{"ancestorTitles":["SearchBar","responsive behavior"],"fullName":"SearchBar responsive behavior should have mobile-friendly classes","status":"passed","title":"should have mobile-friendly classes","duration":3.386725999999726,"failureMessages":[],"meta":{}}],"startTime":1757483112496,"endTime":1757483113213.3867,"status":"passed","message":"","name":"/Users/corneliusmutuku/Documents/cornelius/interv/svinfor/movie-recommendation/src/test/unit/components/SearchBar.spec.ts"},{"assertionResults":[{"ancestorTitles":["Auth Modal Composables","provideAuthModal"],"fullName":"Auth Modal Composables provideAuthModal should initialize with default state","status":"passed","title":"should initialize with default state","duration":15.816573999999946,"failureMessages":[],"meta":{}},{"ancestorTitles":["Auth Modal Composables","provideAuthModal"],"fullName":"Auth Modal Composables provideAuthModal should open login modal","status":"passed","title":"should open login modal","duration":1.5427640000000338,"failureMessages":[],"meta":{}},{"ancestorTitles":["Auth Modal Composables","provideAuthModal"],"fullName":"Auth Modal Composables provideAuthModal should open register modal","status":"passed","title":"should open register modal","duration":1.3517480000000432,"failureMessages":[],"meta":{}},{"ancestorTitles":["Auth Modal Composables","provideAuthModal"],"fullName":"Auth Modal Composables provideAuthModal should close modal","status":"passed","title":"should close modal","duration":1.1932709999998679,"failureMessages":[],"meta":{}},{"ancestorTitles":["Auth Modal Composables","provideAuthModal"],"fullName":"Auth Modal Composables provideAuthModal should handle open without message","status":"passed","title":"should handle open without message","duration":1.4415559999999914,"failureMessages":[],"meta":{}},{"ancestorTitles":["Auth Modal Composables","useAuxthModal"],"fullName":"Auth Modal Composables useAuxthModal should throw error when not provided","status":"passed","title":"should throw error when not provided","duration":5.615547000000106,"failureMessages":[],"meta":{}},{"ancestorTitles":["Auth Modal Composables","useAuxthModal"],"fullName":"Auth Modal Composables useAuxthModal should return provided auth modal within component tree","status":"passed","title":"should return provided auth modal within component tree","duration":1.693318999999974,"failureMessages":[],"meta":{}},{"ancestorTitles":["Auth Modal Composables","modal state management"],"fullName":"Auth Modal Composables modal state management should switch between login and register modes","status":"passed","title":"should switch between login and register modes","duration":1.3156999999998789,"failureMessages":[],"meta":{}},{"ancestorTitles":["Auth Modal Composables","modal state management"],"fullName":"Auth Modal Composables modal state management should preserve open state when switching modes","status":"passed","title":"should preserve open state when switching modes","duration":1.3289999999999509,"failureMessages":[],"meta":{}},{"ancestorTitles":["Auth Modal Composables","modal state management"],"fullName":"Auth Modal Composables modal state management should clear message on close","status":"passed","title":"should clear message on close","duration":1.3784150000001318,"failureMessages":[],"meta":{}}],"startTime":1757483112019,"endTime":1757483112053.3784,"status":"passed","message":"","name":"/Users/corneliusmutuku/Documents/cornelius/interv/svinfor/movie-recommendation/src/test/unit/composables/useAuth.spec.ts"},{"assertionResults":[{"ancestorTitles":["LoaderService","basic loading state"],"fullName":"LoaderService basic loading state should start with no loading state","status":"passed","title":"should start with no loading state","duration":2.7553139999999985,"failureMessages":[],"meta":{}},{"ancestorTitles":["LoaderService","basic loading state"],"fullName":"LoaderService basic loading state should show loading when started","status":"passed","title":"should show loading when started","duration":1.282444999999825,"failureMessages":[],"meta":{}},{"ancestorTitles":["LoaderService","basic loading state"],"fullName":"LoaderService basic loading state should hide loading when stopped","status":"passed","title":"should hide loading when stopped","duration":0.9515480000000025,"failureMessages":[],"meta":{}},{"ancestorTitles":["LoaderService","basic loading state"],"fullName":"LoaderService basic loading state should use default message","status":"passed","title":"should use default message","duration":0.4599759999996422,"failureMessages":[],"meta":{}},{"ancestorTitles":["LoaderService","nested loading operations"],"fullName":"LoaderService nested loading operations should handle multiple loading operations","status":"passed","title":"should handle multiple loading operations","duration":0.6306249999997817,"failureMessages":[],"meta":{}},{"ancestorTitles":["LoaderService","nested loading operations"],"fullName":"LoaderService nested loading operations should handle stopping all operations","status":"passed","title":"should handle stopping all operations","duration":0.3817109999999957,"failureMessages":[],"meta":{}},{"ancestorTitles":["LoaderService","operation management"],"fullName":"LoaderService operation management should track active operations","status":"passed","title":"should track active operations","duration":1.2415110000001732,"failureMessages":[],"meta":{}},{"ancestorTitles":["LoaderService","operation management"],"fullName":"LoaderService operation management should remove specific operation when stopped","status":"passed","title":"should remove specific operation when stopped","duration":0.42014500000004773,"failureMessages":[],"meta":{}},{"ancestorTitles":["LoaderService","wrapAPICall"],"fullName":"LoaderService wrapAPICall should wrap successful API call","status":"passed","title":"should wrap successful API call","duration":1.2998390000002473,"failureMessages":[],"meta":{}},{"ancestorTitles":["LoaderService","wrapAPICall"],"fullName":"LoaderService wrapAPICall should wrap failed API call","status":"passed","title":"should wrap failed API call","duration":1.8954789999997956,"failureMessages":[],"meta":{}},{"ancestorTitles":["LoaderService","wrapAPICall"],"fullName":"LoaderService wrapAPICall should show loading during API call","status":"passed","title":"should show loading during API call","duration":0.508241999999882,"failureMessages":[],"meta":{}},{"ancestorTitles":["LoaderService","wrapAPICall"],"fullName":"LoaderService wrapAPICall should use custom operation ID when provided","status":"passed","title":"should use custom operation ID when provided","duration":0.36799599999994825,"failureMessages":[],"meta":{}},{"ancestorTitles":["LoaderService","concurrent operations"],"fullName":"LoaderService concurrent operations should handle concurrent API calls","status":"passed","title":"should handle concurrent API calls","duration":21.168486999999914,"failureMessages":[],"meta":{}},{"ancestorTitles":["LoaderService","operation timing"],"fullName":"LoaderService operation timing should track operation start time","status":"passed","title":"should track operation start time","duration":0.6622969999998531,"failureMessages":[],"meta":{}},{"ancestorTitles":["globalLoader"],"fullName":"globalLoader should be a loader instance","status":"passed","title":"should be a loader instance","duration":0.36729300000024523,"failureMessages":[],"meta":{}},{"ancestorTitles":["globalLoader"],"fullName":"globalLoader should provide global loading functionality","status":"passed","title":"should provide global loading functionality","duration":0.419416000000183,"failureMessages":[],"meta":{}},{"ancestorTitles":["globalLoader"],"fullName":"globalLoader should maintain state across multiple calls","status":"passed","title":"should maintain state across multiple calls","duration":0.3830079999997906,"failureMessages":[],"meta":{}}],"startTime":1757483112105,"endTime":1757483112141.383,"status":"passed","message":"","name":"/Users/corneliusmutuku/Documents/cornelius/interv/svinfor/movie-recommendation/src/test/unit/services/loader.spec.ts"},{"assertionResults":[{"ancestorTitles":["TMDBService","constructor"],"fullName":"TMDBService constructor should create axios instance with correct config","status":"passed","title":"should create axios instance with correct config","duration":20.526926000000003,"failureMessages":[],"meta":{}},{"ancestorTitles":["TMDBService","constructor"],"fullName":"TMDBService constructor should setup interceptors","status":"passed","title":"should setup interceptors","duration":1.6982980000002499,"failureMessages":[],"meta":{}},{"ancestorTitles":["TMDBService","getPopularMovies"],"fullName":"TMDBService getPopularMovies should fetch popular movies successfully","status":"passed","title":"should fetch popular movies successfully","duration":1.5149569999998675,"failureMessages":[],"meta":{}},{"ancestorTitles":["TMDBService","getPopularMovies"],"fullName":"TMDBService getPopularMovies should use default page 1","status":"passed","title":"should use default page 1","duration":1.0445229999995718,"failureMessages":[],"meta":{}},{"ancestorTitles":["TMDBService","getPopularMovies"],"fullName":"TMDBService getPopularMovies should cache results","status":"passed","title":"should cache results","duration":0.8447129999999561,"failureMessages":[],"meta":{}},{"ancestorTitles":["TMDBService","getPopularMovies"],"fullName":"TMDBService getPopularMovies should handle API errors","status":"passed","title":"should handle API errors","duration":3.1193100000000413,"failureMessages":[],"meta":{}},{"ancestorTitles":["TMDBService","searchMovies"],"fullName":"TMDBService searchMovies should search movies successfully","status":"passed","title":"should search movies successfully","duration":0.7466789999998582,"failureMessages":[],"meta":{}},{"ancestorTitles":["TMDBService","searchMovies"],"fullName":"TMDBService searchMovies should return empty results for empty query","status":"passed","title":"should return empty results for empty query","duration":0.7296209999999519,"failureMessages":[],"meta":{}},{"ancestorTitles":["TMDBService","searchMovies"],"fullName":"TMDBService searchMovies should encode special characters","status":"passed","title":"should encode special characters","duration":0.7405589999998483,"failureMessages":[],"meta":{}},{"ancestorTitles":["TMDBService","getMovieDetails"],"fullName":"TMDBService getMovieDetails should fetch movie details successfully","status":"passed","title":"should fetch movie details successfully","duration":2.388275999999678,"failureMessages":[],"meta":{}},{"ancestorTitles":["TMDBService","getMovieDetails"],"fullName":"TMDBService getMovieDetails should cache movie details","status":"passed","title":"should cache movie details","duration":3.1809410000000753,"failureMessages":[],"meta":{}},{"ancestorTitles":["TMDBService","getMovieByTitle"],"fullName":"TMDBService getMovieByTitle should return exact title match","status":"passed","title":"should return exact title match","duration":1.4636860000000524,"failureMessages":[],"meta":{}},{"ancestorTitles":["TMDBService","getMovieByTitle"],"fullName":"TMDBService getMovieByTitle should return first result if no exact match","status":"passed","title":"should return first result if no exact match","duration":0.657528999999613,"failureMessages":[],"meta":{}},{"ancestorTitles":["TMDBService","getMovieByTitle"],"fullName":"TMDBService getMovieByTitle should return null if no results","status":"passed","title":"should return null if no results","duration":0.7286560000002282,"failureMessages":[],"meta":{}},{"ancestorTitles":["TMDBService","getMovieByTitle"],"fullName":"TMDBService getMovieByTitle should handle errors gracefully","status":"passed","title":"should handle errors gracefully","duration":0.5176209999999628,"failureMessages":[],"meta":{}},{"ancestorTitles":["TMDBService","getImageUrl"],"fullName":"TMDBService getImageUrl should return full image URL with default size","status":"passed","title":"should return full image URL with default size","duration":0.875199000000066,"failureMessages":[],"meta":{}},{"ancestorTitles":["TMDBService","getImageUrl"],"fullName":"TMDBService getImageUrl should return full image URL with custom size","status":"passed","title":"should return full image URL with custom size","duration":0.5390299999999115,"failureMessages":[],"meta":{}},{"ancestorTitles":["TMDBService","getImageUrl"],"fullName":"TMDBService getImageUrl should return placeholder for null path","status":"passed","title":"should return placeholder for null path","duration":0.3925010000002658,"failureMessages":[],"meta":{}},{"ancestorTitles":["TMDBService","cache management"],"fullName":"TMDBService cache management should clear cache successfully","status":"passed","title":"should clear cache successfully","duration":0.5688710000003994,"failureMessages":[],"meta":{}},{"ancestorTitles":["TMDBService","cache management"],"fullName":"TMDBService cache management should return cache stats","status":"passed","title":"should return cache stats","duration":0.9305449999997109,"failureMessages":[],"meta":{}}],"startTime":1757483112176,"endTime":1757483112222.9307,"status":"passed","message":"","name":"/Users/corneliusmutuku/Documents/cornelius/interv/svinfor/movie-recommendation/src/test/unit/services/tmdb.spec.ts"},{"assertionResults":[{"ancestorTitles":["HomeView","component mounting"],"fullName":"HomeView component mounting should mount successfully","status":"passed","title":"should mount successfully","duration":49.959973999999875,"failureMessages":[],"meta":{}},{"ancestorTitles":["HomeView","component mounting"],"fullName":"HomeView component mounting should initialize popular movies on mount","status":"passed","title":"should initialize popular movies on mount","duration":7.286789000000226,"failureMessages":[],"meta":{}},{"ancestorTitles":["HomeView","component mounting"],"fullName":"HomeView component mounting should display hero section","status":"passed","title":"should display hero section","duration":19.647856000000047,"failureMessages":[],"meta":{}},{"ancestorTitles":["HomeView","component mounting"],"fullName":"HomeView component mounting should display main heading","status":"passed","title":"should display main heading","duration":6.981314000000111,"failureMessages":[],"meta":{}},{"ancestorTitles":["HomeView","search functionality"],"fullName":"HomeView search functionality should display search bar","status":"passed","title":"should display search bar","duration":8.633958999999777,"failureMessages":[],"meta":{}},{"ancestorTitles":["HomeView","search functionality"],"fullName":"HomeView search functionality should handle search event","status":"passed","title":"should handle search event","duration":7.654700000000048,"failureMessages":[],"meta":{}},{"ancestorTitles":["HomeView","search functionality"],"fullName":"HomeView search functionality should handle clear search event","status":"passed","title":"should handle clear search event","duration":5.498153000000002,"failureMessages":[],"meta":{}},{"ancestorTitles":["HomeView","search functionality"],"fullName":"HomeView search functionality should handle quick search event","status":"passed","title":"should handle quick search event","duration":4.742905000000064,"failureMessages":[],"meta":{}},{"ancestorTitles":["HomeView","movie display"],"fullName":"HomeView movie display should display movie grid","status":"passed","title":"should display movie grid","duration":5.410844999999881,"failureMessages":[],"meta":{}},{"ancestorTitles":["HomeView","movie display"],"fullName":"HomeView movie display should pass correct props to movie grid","status":"passed","title":"should pass correct props to movie grid","duration":11.518105999999989,"failureMessages":[],"meta":{}},{"ancestorTitles":["HomeView","movie display"],"fullName":"HomeView movie display should handle page change event for popular movies","status":"passed","title":"should handle page change event for popular movies","duration":4.168998999999985,"failureMessages":[],"meta":{}},{"ancestorTitles":["HomeView","liked movies section"],"fullName":"HomeView liked movies section should display liked movies section when user has liked movies and not searching","status":"passed","title":"should display liked movies section when user has liked movies and not searching","duration":3.816957999999886,"failureMessages":[],"meta":{}},{"ancestorTitles":["HomeView","liked movies section"],"fullName":"HomeView liked movies section should display liked movies count","status":"passed","title":"should display liked movies count","duration":6.964190000000144,"failureMessages":[],"meta":{}},{"ancestorTitles":["HomeView","liked movies section"],"fullName":"HomeView liked movies section should show AI recommendations button when user can get recommendations","status":"passed","title":"should show AI recommendations button when user can get recommendations","duration":4.262450000000172,"failureMessages":[],"meta":{}},{"ancestorTitles":["HomeView","liked movies section"],"fullName":"HomeView liked movies section should navigate to recommendations when AI button clicked","status":"passed","title":"should navigate to recommendations when AI button clicked","duration":4.2567730000000665,"failureMessages":[],"meta":{}},{"ancestorTitles":["HomeView","authentication integration"],"fullName":"HomeView authentication integration should handle toggle like for authenticated user","status":"passed","title":"should handle toggle like for authenticated user","duration":5.022961000000123,"failureMessages":[],"meta":{}},{"ancestorTitles":["HomeView","authentication integration"],"fullName":"HomeView authentication integration should open auth modal for unauthenticated user like action","status":"passed","title":"should open auth modal for unauthenticated user like action","duration":3.920647000000372,"failureMessages":[],"meta":{}},{"ancestorTitles":["HomeView","authentication integration"],"fullName":"HomeView authentication integration should handle loading state during auth","status":"passed","title":"should handle loading state during auth","duration":3.7137720000000627,"failureMessages":[],"meta":{}},{"ancestorTitles":["HomeView","responsive behavior"],"fullName":"HomeView responsive behavior should have mobile-first responsive classes","status":"passed","title":"should have mobile-first responsive classes","duration":4.861160000000382,"failureMessages":[],"meta":{}},{"ancestorTitles":["HomeView","responsive behavior"],"fullName":"HomeView responsive behavior should display scroll down indicator","status":"passed","title":"should display scroll down indicator","duration":6.329952000000048,"failureMessages":[],"meta":{}},{"ancestorTitles":["HomeView","performance considerations"],"fullName":"HomeView performance considerations should not render liked movies section when searching","status":"passed","title":"should not render liked movies section when searching","duration":6.135831000000053,"failureMessages":[],"meta":{}},{"ancestorTitles":["HomeView","performance considerations"],"fullName":"HomeView performance considerations should handle empty states gracefully","status":"passed","title":"should handle empty states gracefully","duration":4.017727000000377,"failureMessages":[],"meta":{}},{"ancestorTitles":["HomeView","watch movie functionality"],"fullName":"HomeView watch movie functionality should handle watch movie for authenticated user","status":"passed","title":"should handle watch movie for authenticated user","duration":4.356104999999843,"failureMessages":[],"meta":{}},{"ancestorTitles":["HomeView","watch movie functionality"],"fullName":"HomeView watch movie functionality should open auth modal for unauthenticated user","status":"passed","title":"should open auth modal for unauthenticated user","duration":10.34630900000002,"failureMessages":[],"meta":{}},{"ancestorTitles":["HomeView","watch movie functionality"],"fullName":"HomeView watch movie functionality should not act when auth is loading","status":"passed","title":"should not act when auth is loading","duration":5.244728999999552,"failureMessages":[],"meta":{}}],"startTime":1757483112665,"endTime":1757483112871.2446,"status":"passed","message":"","name":"/Users/corneliusmutuku/Documents/cornelius/interv/svinfor/movie-recommendation/src/test/unit/views/HomeView.spec.ts"}]}