{"numTotalTestSuites":58,"numPassedTestSuites":58,"numFailedTestSuites":0,"numPendingTestSuites":0,"numTotalTests":118,"numPassedTests":118,"numFailedTests":0,"numPendingTests":0,"numTodoTests":0,"snapshot":{"added":0,"failure":false,"filesAdded":0,"filesRemoved":0,"filesRemovedList":[],"filesUnmatched":0,"filesUpdated":0,"matched":0,"total":0,"unchecked":0,"uncheckedKeysByFile":[],"unmatched":0,"updated":0,"didUpdate":false},"startTime":1757362168696,"success":true,"testResults":[{"assertionResults":[{"ancestorTitles":["SearchBar","component rendering"],"fullName":"SearchBar component rendering should mount successfully","status":"passed","title":"should mount successfully","duration":43.76815600000009,"failureMessages":[],"meta":{}},{"ancestorTitles":["SearchBar","component rendering"],"fullName":"SearchBar component rendering should display search input","status":"passed","title":"should display search input","duration":19.518614999999954,"failureMessages":[],"meta":{}},{"ancestorTitles":["SearchBar","component rendering"],"fullName":"SearchBar component rendering should display search button","status":"passed","title":"should display search button","duration":8.63167199999998,"failureMessages":[],"meta":{}},{"ancestorTitles":["SearchBar","component rendering"],"fullName":"SearchBar component rendering should show loading state when searching","status":"passed","title":"should show loading state when searching","duration":14.581951000000117,"failureMessages":[],"meta":{}},{"ancestorTitles":["SearchBar","user interactions"],"fullName":"SearchBar user interactions should emit search event when input changes","status":"passed","title":"should emit search event when input changes","duration":620.1628930000002,"failureMessages":[],"meta":{}},{"ancestorTitles":["SearchBar","user interactions"],"fullName":"SearchBar user interactions should emit search event on Enter key press","status":"passed","title":"should emit search event on Enter key press","duration":13.087057000000186,"failureMessages":[],"meta":{}},{"ancestorTitles":["SearchBar","user interactions"],"fullName":"SearchBar user interactions should emit clear event when clear button clicked","status":"passed","title":"should emit clear event when clear button clicked","duration":13.560116000000107,"failureMessages":[],"meta":{}},{"ancestorTitles":["SearchBar","user interactions"],"fullName":"SearchBar user interactions should not search on empty input","status":"passed","title":"should not search on empty input","duration":7.065881999999874,"failureMessages":[],"meta":{}},{"ancestorTitles":["SearchBar","user interactions"],"fullName":"SearchBar user interactions should trim whitespace from search query","status":"passed","title":"should trim whitespace from search query","duration":9.24188600000025,"failureMessages":[],"meta":{}},{"ancestorTitles":["SearchBar","quick search functionality"],"fullName":"SearchBar quick search functionality should emit quick-search event when quick search button clicked","status":"passed","title":"should emit quick-search event when quick search button clicked","duration":6.893989000000147,"failureMessages":[],"meta":{}},{"ancestorTitles":["SearchBar","quick search functionality"],"fullName":"SearchBar quick search functionality should display quick filter buttons","status":"passed","title":"should display quick filter buttons","duration":7.114220999999816,"failureMessages":[],"meta":{}},{"ancestorTitles":["SearchBar","search results display"],"fullName":"SearchBar search results display should show results count when searching","status":"passed","title":"should show results count when searching","duration":33.76546899999994,"failureMessages":[],"meta":{}},{"ancestorTitles":["SearchBar","search results display"],"fullName":"SearchBar search results display should show no results message when no results found","status":"passed","title":"should show no results message when no results found","duration":7.5510770000000775,"failureMessages":[],"meta":{}},{"ancestorTitles":["SearchBar","keyboard interactions"],"fullName":"SearchBar keyboard interactions should search on Enter key press","status":"passed","title":"should search on Enter key press","duration":7.406240000000253,"failureMessages":[],"meta":{}},{"ancestorTitles":["SearchBar","keyboard interactions"],"fullName":"SearchBar keyboard interactions should clear on Escape key press","status":"passed","title":"should clear on Escape key press","duration":6.082880999999816,"failureMessages":[],"meta":{}},{"ancestorTitles":["SearchBar","accessibility"],"fullName":"SearchBar accessibility should have proper ARIA labels","status":"passed","title":"should have proper ARIA labels","duration":4.643043000000034,"failureMessages":[],"meta":{}},{"ancestorTitles":["SearchBar","accessibility"],"fullName":"SearchBar accessibility should be focusable","status":"passed","title":"should be focusable","duration":4.579925000000003,"failureMessages":[],"meta":{}},{"ancestorTitles":["SearchBar","responsive behavior"],"fullName":"SearchBar responsive behavior should have mobile-friendly classes","status":"passed","title":"should have mobile-friendly classes","duration":9.381602999999814,"failureMessages":[],"meta":{}}],"startTime":1757362171909,"endTime":1757362172747.3816,"status":"passed","message":"","name":"/Users/corneliusmutuku/Documents/cornelius/interv/svinfor/movie-recommendation/src/test/unit/components/SearchBar.spec.ts"},{"assertionResults":[{"ancestorTitles":["AIRecommendationService","generateRecommendations"],"fullName":"AIRecommendationService generateRecommendations should return error for insufficient liked movies","status":"passed","title":"should return error for insufficient liked movies","duration":5.601732999999967,"failureMessages":[],"meta":{}},{"ancestorTitles":["AIRecommendationService","generateRecommendations"],"fullName":"AIRecommendationService generateRecommendations should generate AI recommendations successfully","status":"passed","title":"should generate AI recommendations successfully","duration":4.904548999999861,"failureMessages":[],"meta":{}},{"ancestorTitles":["AIRecommendationService","generateRecommendations"],"fullName":"AIRecommendationService generateRecommendations should cache recommendations","status":"passed","title":"should cache recommendations","duration":2.399863000000096,"failureMessages":[],"meta":{}},{"ancestorTitles":["AIRecommendationService","generateRecommendations"],"fullName":"AIRecommendationService generateRecommendations should fallback to similar movies on API failure","status":"passed","title":"should fallback to similar movies on API failure","duration":13.709951999999703,"failureMessages":[],"meta":{}},{"ancestorTitles":["AIRecommendationService","generateRecommendations"],"fullName":"AIRecommendationService generateRecommendations should handle Gemini API errors","status":"passed","title":"should handle Gemini API errors","duration":3.0243689999997514,"failureMessages":[],"meta":{}},{"ancestorTitles":["AIRecommendationService","generateRecommendations"],"fullName":"AIRecommendationService generateRecommendations should skip movies already liked by user","status":"passed","title":"should skip movies already liked by user","duration":1.582108000000062,"failureMessages":[],"meta":{}},{"ancestorTitles":["AIRecommendationService","generateRecommendations"],"fullName":"AIRecommendationService generateRecommendations should handle invalid JSON response","status":"passed","title":"should handle invalid JSON response","duration":3.211717000000135,"failureMessages":[],"meta":{}},{"ancestorTitles":["AIRecommendationService","generateRecommendations"],"fullName":"AIRecommendationService generateRecommendations should limit to 6 recommendations","status":"passed","title":"should limit to 6 recommendations","duration":1.7242740000001504,"failureMessages":[],"meta":{}},{"ancestorTitles":["AIRecommendationService","cache management"],"fullName":"AIRecommendationService cache management should clear cache","status":"passed","title":"should clear cache","duration":0.9616569999998319,"failureMessages":[],"meta":{}},{"ancestorTitles":["AIRecommendationService","cache management"],"fullName":"AIRecommendationService cache management should return cache status","status":"passed","title":"should return cache status","duration":1.458133000000089,"failureMessages":[],"meta":{}},{"ancestorTitles":["AIRecommendationService","cache management"],"fullName":"AIRecommendationService cache management should cleanup old cache entries when exceeding limit","status":"passed","title":"should cleanup old cache entries when exceeding limit","duration":6.042964000000211,"failureMessages":[],"meta":{}},{"ancestorTitles":["AIRecommendationService","createRecommendationPrompt"],"fullName":"AIRecommendationService createRecommendationPrompt should create proper prompt with movie details","status":"passed","title":"should create proper prompt with movie details","duration":4.528906000000006,"failureMessages":[],"meta":{}},{"ancestorTitles":["AIRecommendationService","error handling"],"fullName":"AIRecommendationService error handling should handle missing API key","status":"passed","title":"should handle missing API key","duration":2.348848999999973,"failureMessages":[],"meta":{}},{"ancestorTitles":["AIRecommendationService","error handling"],"fullName":"AIRecommendationService error handling should handle network errors gracefully","status":"passed","title":"should handle network errors gracefully","duration":2.7837839999997414,"failureMessages":[],"meta":{}}],"startTime":1757362171916,"endTime":1757362171970.7837,"status":"passed","message":"","name":"/Users/corneliusmutuku/Documents/cornelius/interv/svinfor/movie-recommendation/src/test/unit/services/ai-recommendations.spec.ts"},{"assertionResults":[{"ancestorTitles":["AuthService","getInstance"],"fullName":"AuthService getInstance should return singleton instance","status":"passed","title":"should return singleton instance","duration":3.2923279999999977,"failureMessages":[],"meta":{}},{"ancestorTitles":["AuthService","register"],"fullName":"AuthService register should register user successfully","status":"passed","title":"should register user successfully","duration":3.6120049999999537,"failureMessages":[],"meta":{}},{"ancestorTitles":["AuthService","register"],"fullName":"AuthService register should register without display name","status":"passed","title":"should register without display name","duration":1.177969999999732,"failureMessages":[],"meta":{}},{"ancestorTitles":["AuthService","register"],"fullName":"AuthService register should throw error on registration failure","status":"passed","title":"should throw error on registration failure","duration":2.7646700000000237,"failureMessages":[],"meta":{}},{"ancestorTitles":["AuthService","login"],"fullName":"AuthService login should login successfully","status":"passed","title":"should login successfully","duration":1.0111919999999373,"failureMessages":[],"meta":{}},{"ancestorTitles":["AuthService","login"],"fullName":"AuthService login should throw error on login failure","status":"passed","title":"should throw error on login failure","duration":0.6669219999998859,"failureMessages":[],"meta":{}},{"ancestorTitles":["AuthService","logout"],"fullName":"AuthService logout should logout successfully","status":"passed","title":"should logout successfully","duration":1.2649759999999333,"failureMessages":[],"meta":{}},{"ancestorTitles":["AuthService","logout"],"fullName":"AuthService logout should throw error on logout failure","status":"passed","title":"should throw error on logout failure","duration":0.694814999999835,"failureMessages":[],"meta":{}},{"ancestorTitles":["AuthService","getCurrentUser"],"fullName":"AuthService getCurrentUser should return null when not authenticated","status":"passed","title":"should return null when not authenticated","duration":0.5774700000001758,"failureMessages":[],"meta":{}},{"ancestorTitles":["AuthService","isAuthenticated"],"fullName":"AuthService isAuthenticated should return false when user is not authenticated","status":"passed","title":"should return false when user is not authenticated","duration":0.4520999999999731,"failureMessages":[],"meta":{}},{"ancestorTitles":["AuthService","onAuthStateChange"],"fullName":"AuthService onAuthStateChange should add auth state listener","status":"passed","title":"should add auth state listener","duration":0.5355750000003354,"failureMessages":[],"meta":{}},{"ancestorTitles":["AuthService","onAuthStateChange"],"fullName":"AuthService onAuthStateChange should remove auth state listener","status":"passed","title":"should remove auth state listener","duration":0.4719559999998637,"failureMessages":[],"meta":{}},{"ancestorTitles":["AuthService","resetPassword"],"fullName":"AuthService resetPassword should send password reset email successfully","status":"passed","title":"should send password reset email successfully","duration":0.7741140000002815,"failureMessages":[],"meta":{}},{"ancestorTitles":["AuthService","resetPassword"],"fullName":"AuthService resetPassword should throw error on password reset failure","status":"passed","title":"should throw error on password reset failure","duration":0.9690339999997377,"failureMessages":[],"meta":{}}],"startTime":1757362171338,"endTime":1757362171356.969,"status":"passed","message":"","name":"/Users/corneliusmutuku/Documents/cornelius/interv/svinfor/movie-recommendation/src/test/unit/services/auth.spec.ts"},{"assertionResults":[{"ancestorTitles":["LoaderService","basic loading state"],"fullName":"LoaderService basic loading state should start with no loading state","status":"passed","title":"should start with no loading state","duration":6.837130999999772,"failureMessages":[],"meta":{}},{"ancestorTitles":["LoaderService","basic loading state"],"fullName":"LoaderService basic loading state should show loading when started","status":"passed","title":"should show loading when started","duration":2.102836000000025,"failureMessages":[],"meta":{}},{"ancestorTitles":["LoaderService","basic loading state"],"fullName":"LoaderService basic loading state should hide loading when stopped","status":"passed","title":"should hide loading when stopped","duration":4.23176599999988,"failureMessages":[],"meta":{}},{"ancestorTitles":["LoaderService","basic loading state"],"fullName":"LoaderService basic loading state should use default message","status":"passed","title":"should use default message","duration":0.9048949999996694,"failureMessages":[],"meta":{}},{"ancestorTitles":["LoaderService","nested loading operations"],"fullName":"LoaderService nested loading operations should handle multiple loading operations","status":"passed","title":"should handle multiple loading operations","duration":1.2493050000002768,"failureMessages":[],"meta":{}},{"ancestorTitles":["LoaderService","nested loading operations"],"fullName":"LoaderService nested loading operations should handle stopping all operations","status":"passed","title":"should handle stopping all operations","duration":1.0037360000001172,"failureMessages":[],"meta":{}},{"ancestorTitles":["LoaderService","operation management"],"fullName":"LoaderService operation management should track active operations","status":"passed","title":"should track active operations","duration":2.1100189999997383,"failureMessages":[],"meta":{}},{"ancestorTitles":["LoaderService","operation management"],"fullName":"LoaderService operation management should remove specific operation when stopped","status":"passed","title":"should remove specific operation when stopped","duration":1.2121910000000753,"failureMessages":[],"meta":{}},{"ancestorTitles":["LoaderService","wrapAPICall"],"fullName":"LoaderService wrapAPICall should wrap successful API call","status":"passed","title":"should wrap successful API call","duration":1.9177330000002257,"failureMessages":[],"meta":{}},{"ancestorTitles":["LoaderService","wrapAPICall"],"fullName":"LoaderService wrapAPICall should wrap failed API call","status":"passed","title":"should wrap failed API call","duration":12.273751000000175,"failureMessages":[],"meta":{}},{"ancestorTitles":["LoaderService","wrapAPICall"],"fullName":"LoaderService wrapAPICall should show loading during API call","status":"passed","title":"should show loading during API call","duration":1.243713000000298,"failureMessages":[],"meta":{}},{"ancestorTitles":["LoaderService","wrapAPICall"],"fullName":"LoaderService wrapAPICall should use custom operation ID when provided","status":"passed","title":"should use custom operation ID when provided","duration":0.927983999999924,"failureMessages":[],"meta":{}},{"ancestorTitles":["LoaderService","concurrent operations"],"fullName":"LoaderService concurrent operations should handle concurrent API calls","status":"passed","title":"should handle concurrent API calls","duration":21.94358999999986,"failureMessages":[],"meta":{}},{"ancestorTitles":["LoaderService","operation timing"],"fullName":"LoaderService operation timing should track operation start time","status":"passed","title":"should track operation start time","duration":1.0056260000001203,"failureMessages":[],"meta":{}},{"ancestorTitles":["globalLoader"],"fullName":"globalLoader should be a loader instance","status":"passed","title":"should be a loader instance","duration":0.5544629999999415,"failureMessages":[],"meta":{}},{"ancestorTitles":["globalLoader"],"fullName":"globalLoader should provide global loading functionality","status":"passed","title":"should provide global loading functionality","duration":0.8646429999998873,"failureMessages":[],"meta":{}},{"ancestorTitles":["globalLoader"],"fullName":"globalLoader should maintain state across multiple calls","status":"passed","title":"should maintain state across multiple calls","duration":0.6142899999999827,"failureMessages":[],"meta":{}}],"startTime":1757362171299,"endTime":1757362171361.6143,"status":"passed","message":"","name":"/Users/corneliusmutuku/Documents/cornelius/interv/svinfor/movie-recommendation/src/test/unit/services/loader.spec.ts"},{"assertionResults":[{"ancestorTitles":["TMDBService","constructor"],"fullName":"TMDBService constructor should create axios instance with correct config","status":"passed","title":"should create axios instance with correct config","duration":7.596055999999862,"failureMessages":[],"meta":{}},{"ancestorTitles":["TMDBService","constructor"],"fullName":"TMDBService constructor should setup interceptors","status":"passed","title":"should setup interceptors","duration":1.4358899999997448,"failureMessages":[],"meta":{}},{"ancestorTitles":["TMDBService","getPopularMovies"],"fullName":"TMDBService getPopularMovies should fetch popular movies successfully","status":"passed","title":"should fetch popular movies successfully","duration":1.7725620000001072,"failureMessages":[],"meta":{}},{"ancestorTitles":["TMDBService","getPopularMovies"],"fullName":"TMDBService getPopularMovies should use default page 1","status":"passed","title":"should use default page 1","duration":2.866725000000315,"failureMessages":[],"meta":{}},{"ancestorTitles":["TMDBService","getPopularMovies"],"fullName":"TMDBService getPopularMovies should cache results","status":"passed","title":"should cache results","duration":1.5803220000002511,"failureMessages":[],"meta":{}},{"ancestorTitles":["TMDBService","getPopularMovies"],"fullName":"TMDBService getPopularMovies should handle API errors","status":"passed","title":"should handle API errors","duration":3.292022999999972,"failureMessages":[],"meta":{}},{"ancestorTitles":["TMDBService","searchMovies"],"fullName":"TMDBService searchMovies should search movies successfully","status":"passed","title":"should search movies successfully","duration":1.414357000000109,"failureMessages":[],"meta":{}},{"ancestorTitles":["TMDBService","searchMovies"],"fullName":"TMDBService searchMovies should return empty results for empty query","status":"passed","title":"should return empty results for empty query","duration":1.2790619999996125,"failureMessages":[],"meta":{}},{"ancestorTitles":["TMDBService","searchMovies"],"fullName":"TMDBService searchMovies should encode special characters","status":"passed","title":"should encode special characters","duration":1.4192960000000312,"failureMessages":[],"meta":{}},{"ancestorTitles":["TMDBService","getMovieDetails"],"fullName":"TMDBService getMovieDetails should fetch movie details successfully","status":"passed","title":"should fetch movie details successfully","duration":1.1463850000000093,"failureMessages":[],"meta":{}},{"ancestorTitles":["TMDBService","getMovieDetails"],"fullName":"TMDBService getMovieDetails should cache movie details","status":"passed","title":"should cache movie details","duration":0.9156620000003386,"failureMessages":[],"meta":{}},{"ancestorTitles":["TMDBService","getMovieByTitle"],"fullName":"TMDBService getMovieByTitle should return exact title match","status":"passed","title":"should return exact title match","duration":1.0893669999995836,"failureMessages":[],"meta":{}},{"ancestorTitles":["TMDBService","getMovieByTitle"],"fullName":"TMDBService getMovieByTitle should return first result if no exact match","status":"passed","title":"should return first result if no exact match","duration":0.7347099999997226,"failureMessages":[],"meta":{}},{"ancestorTitles":["TMDBService","getMovieByTitle"],"fullName":"TMDBService getMovieByTitle should return null if no results","status":"passed","title":"should return null if no results","duration":0.9662720000001173,"failureMessages":[],"meta":{}},{"ancestorTitles":["TMDBService","getMovieByTitle"],"fullName":"TMDBService getMovieByTitle should handle errors gracefully","status":"passed","title":"should handle errors gracefully","duration":1.2861690000004273,"failureMessages":[],"meta":{}},{"ancestorTitles":["TMDBService","getImageUrl"],"fullName":"TMDBService getImageUrl should return full image URL with default size","status":"passed","title":"should return full image URL with default size","duration":0.7244789999999739,"failureMessages":[],"meta":{}},{"ancestorTitles":["TMDBService","getImageUrl"],"fullName":"TMDBService getImageUrl should return full image URL with custom size","status":"passed","title":"should return full image URL with custom size","duration":0.5802670000002763,"failureMessages":[],"meta":{}},{"ancestorTitles":["TMDBService","getImageUrl"],"fullName":"TMDBService getImageUrl should return placeholder for null path","status":"passed","title":"should return placeholder for null path","duration":0.6469699999997829,"failureMessages":[],"meta":{}},{"ancestorTitles":["TMDBService","cache management"],"fullName":"TMDBService cache management should clear cache successfully","status":"passed","title":"should clear cache successfully","duration":1.0365409999999429,"failureMessages":[],"meta":{}},{"ancestorTitles":["TMDBService","cache management"],"fullName":"TMDBService cache management should return cache stats","status":"passed","title":"should return cache stats","duration":1.4838690000001407,"failureMessages":[],"meta":{}}],"startTime":1757362171538,"endTime":1757362171571.484,"status":"passed","message":"","name":"/Users/corneliusmutuku/Documents/cornelius/interv/svinfor/movie-recommendation/src/test/unit/services/tmdb.spec.ts"},{"assertionResults":[{"ancestorTitles":["HomeView","component mounting"],"fullName":"HomeView component mounting should mount successfully","status":"passed","title":"should mount successfully","duration":51.164464999999836,"failureMessages":[],"meta":{}},{"ancestorTitles":["HomeView","component mounting"],"fullName":"HomeView component mounting should initialize popular movies on mount","status":"passed","title":"should initialize popular movies on mount","duration":8.515253999999914,"failureMessages":[],"meta":{}},{"ancestorTitles":["HomeView","component mounting"],"fullName":"HomeView component mounting should display hero section","status":"passed","title":"should display hero section","duration":16.885592000000088,"failureMessages":[],"meta":{}},{"ancestorTitles":["HomeView","component mounting"],"fullName":"HomeView component mounting should display main heading","status":"passed","title":"should display main heading","duration":7.4995960000001105,"failureMessages":[],"meta":{}},{"ancestorTitles":["HomeView","search functionality"],"fullName":"HomeView search functionality should display search bar","status":"passed","title":"should display search bar","duration":8.41649200000029,"failureMessages":[],"meta":{}},{"ancestorTitles":["HomeView","search functionality"],"fullName":"HomeView search functionality should handle search event","status":"passed","title":"should handle search event","duration":8.791300999999748,"failureMessages":[],"meta":{}},{"ancestorTitles":["HomeView","search functionality"],"fullName":"HomeView search functionality should handle clear search event","status":"passed","title":"should handle clear search event","duration":6.758573000000069,"failureMessages":[],"meta":{}},{"ancestorTitles":["HomeView","search functionality"],"fullName":"HomeView search functionality should handle quick search event","status":"passed","title":"should handle quick search event","duration":6.157815000000028,"failureMessages":[],"meta":{}},{"ancestorTitles":["HomeView","movie display"],"fullName":"HomeView movie display should display movie grid","status":"passed","title":"should display movie grid","duration":6.9134329999997135,"failureMessages":[],"meta":{}},{"ancestorTitles":["HomeView","movie display"],"fullName":"HomeView movie display should pass correct props to movie grid","status":"passed","title":"should pass correct props to movie grid","duration":14.939908000000287,"failureMessages":[],"meta":{}},{"ancestorTitles":["HomeView","movie display"],"fullName":"HomeView movie display should handle page change event for popular movies","status":"passed","title":"should handle page change event for popular movies","duration":5.444600000000264,"failureMessages":[],"meta":{}},{"ancestorTitles":["HomeView","liked movies section"],"fullName":"HomeView liked movies section should display liked movies section when user has liked movies and not searching","status":"passed","title":"should display liked movies section when user has liked movies and not searching","duration":8.129883999999947,"failureMessages":[],"meta":{}},{"ancestorTitles":["HomeView","liked movies section"],"fullName":"HomeView liked movies section should display liked movies count","status":"passed","title":"should display liked movies count","duration":4.770661999999902,"failureMessages":[],"meta":{}},{"ancestorTitles":["HomeView","liked movies section"],"fullName":"HomeView liked movies section should show AI recommendations button when user can get recommendations","status":"passed","title":"should show AI recommendations button when user can get recommendations","duration":5.355504999999994,"failureMessages":[],"meta":{}},{"ancestorTitles":["HomeView","liked movies section"],"fullName":"HomeView liked movies section should navigate to recommendations when AI button clicked","status":"passed","title":"should navigate to recommendations when AI button clicked","duration":4.895246999999927,"failureMessages":[],"meta":{}},{"ancestorTitles":["HomeView","authentication integration"],"fullName":"HomeView authentication integration should handle toggle like for authenticated user","status":"passed","title":"should handle toggle like for authenticated user","duration":4.388615999999729,"failureMessages":[],"meta":{}},{"ancestorTitles":["HomeView","authentication integration"],"fullName":"HomeView authentication integration should open auth modal for unauthenticated user like action","status":"passed","title":"should open auth modal for unauthenticated user like action","duration":8.655887000000348,"failureMessages":[],"meta":{}},{"ancestorTitles":["HomeView","authentication integration"],"fullName":"HomeView authentication integration should handle loading state during auth","status":"passed","title":"should handle loading state during auth","duration":7.296176999999716,"failureMessages":[],"meta":{}},{"ancestorTitles":["HomeView","responsive behavior"],"fullName":"HomeView responsive behavior should have mobile-first responsive classes","status":"passed","title":"should have mobile-first responsive classes","duration":6.732499999999618,"failureMessages":[],"meta":{}},{"ancestorTitles":["HomeView","responsive behavior"],"fullName":"HomeView responsive behavior should display scroll down indicator","status":"passed","title":"should display scroll down indicator","duration":7.269655999999941,"failureMessages":[],"meta":{}},{"ancestorTitles":["HomeView","performance considerations"],"fullName":"HomeView performance considerations should not render liked movies section when searching","status":"passed","title":"should not render liked movies section when searching","duration":5.879963000000316,"failureMessages":[],"meta":{}},{"ancestorTitles":["HomeView","performance considerations"],"fullName":"HomeView performance considerations should handle empty states gracefully","status":"passed","title":"should handle empty states gracefully","duration":10.079482999999982,"failureMessages":[],"meta":{}},{"ancestorTitles":["HomeView","watch movie functionality"],"fullName":"HomeView watch movie functionality should handle watch movie for authenticated user","status":"passed","title":"should handle watch movie for authenticated user","duration":6.3072259999999005,"failureMessages":[],"meta":{}},{"ancestorTitles":["HomeView","watch movie functionality"],"fullName":"HomeView watch movie functionality should open auth modal for unauthenticated user","status":"passed","title":"should open auth modal for unauthenticated user","duration":4.379537000000255,"failureMessages":[],"meta":{}},{"ancestorTitles":["HomeView","watch movie functionality"],"fullName":"HomeView watch movie functionality should not act when auth is loading","status":"passed","title":"should not act when auth is loading","duration":4.612912999999935,"failureMessages":[],"meta":{}}],"startTime":1757362172036,"endTime":1757362172268.6128,"status":"passed","message":"","name":"/Users/corneliusmutuku/Documents/cornelius/interv/svinfor/movie-recommendation/src/test/unit/views/HomeView.spec.ts"},{"assertionResults":[{"ancestorTitles":["Auth Modal Composables","provideAuthModal"],"fullName":"Auth Modal Composables provideAuthModal should initialize with default state","status":"passed","title":"should initialize with default state","duration":16.4462910000002,"failureMessages":[],"meta":{}},{"ancestorTitles":["Auth Modal Composables","provideAuthModal"],"fullName":"Auth Modal Composables provideAuthModal should open login modal","status":"passed","title":"should open login modal","duration":3.049055999999837,"failureMessages":[],"meta":{}},{"ancestorTitles":["Auth Modal Composables","provideAuthModal"],"fullName":"Auth Modal Composables provideAuthModal should open register modal","status":"passed","title":"should open register modal","duration":1.6269259999999122,"failureMessages":[],"meta":{}},{"ancestorTitles":["Auth Modal Composables","provideAuthModal"],"fullName":"Auth Modal Composables provideAuthModal should close modal","status":"passed","title":"should close modal","duration":1.4263280000000123,"failureMessages":[],"meta":{}},{"ancestorTitles":["Auth Modal Composables","provideAuthModal"],"fullName":"Auth Modal Composables provideAuthModal should handle open without message","status":"passed","title":"should handle open without message","duration":1.7061200000002827,"failureMessages":[],"meta":{}},{"ancestorTitles":["Auth Modal Composables","useAuxthModal"],"fullName":"Auth Modal Composables useAuxthModal should throw error when not provided","status":"passed","title":"should throw error when not provided","duration":4.736745000000155,"failureMessages":[],"meta":{}},{"ancestorTitles":["Auth Modal Composables","useAuxthModal"],"fullName":"Auth Modal Composables useAuxthModal should return provided auth modal within component tree","status":"passed","title":"should return provided auth modal within component tree","duration":2.307893000000149,"failureMessages":[],"meta":{}},{"ancestorTitles":["Auth Modal Composables","modal state management"],"fullName":"Auth Modal Composables modal state management should switch between login and register modes","status":"passed","title":"should switch between login and register modes","duration":1.376198999999815,"failureMessages":[],"meta":{}},{"ancestorTitles":["Auth Modal Composables","modal state management"],"fullName":"Auth Modal Composables modal state management should preserve open state when switching modes","status":"passed","title":"should preserve open state when switching modes","duration":6.223333000000366,"failureMessages":[],"meta":{}},{"ancestorTitles":["Auth Modal Composables","modal state management"],"fullName":"Auth Modal Composables modal state management should clear message on close","status":"passed","title":"should clear message on close","duration":1.4424129999997604,"failureMessages":[],"meta":{}}],"startTime":1757362171271,"endTime":1757362171311.4424,"status":"passed","message":"","name":"/Users/corneliusmutuku/Documents/cornelius/interv/svinfor/movie-recommendation/src/test/unit/composables/useAuth.spec.ts"}]}